[debug] [2024-08-16T04:23:24.022Z] ----------------------------------------------------------------------
[debug] [2024-08-16T04:23:24.025Z] Command:       C:\Program Files\nodejs\node.exe C:\Projects\Cogitait\node_modules\firebase-tools\lib\bin\firebase.js init hosting
[debug] [2024-08-16T04:23:24.025Z] CLI Version:   13.15.2
[debug] [2024-08-16T04:23:24.025Z] Platform:      win32
[debug] [2024-08-16T04:23:24.025Z] Node Version:  v20.16.0
[debug] [2024-08-16T04:23:24.025Z] Time:          Fri Aug 16 2024 06:23:24 GMT+0200 (South Africa Standard Time)
[debug] [2024-08-16T04:23:24.026Z] ----------------------------------------------------------------------
[debug] 
[debug] [2024-08-16T04:23:24.031Z] > command requires scopes: ["email","openid","https://www.googleapis.com/auth/cloudplatformprojects.readonly","https://www.googleapis.com/auth/firebase","https://www.googleapis.com/auth/cloud-platform"]
[debug] [2024-08-16T04:23:24.032Z] > authorizing via signed-in user (sydney.fryer@ai.matogen.com)
[info] 
     ######## #### ########  ######## ########     ###     ######  ########
     ##        ##  ##     ## ##       ##     ##  ##   ##  ##       ##
     ######    ##  ########  ######   ########  #########  ######  ######
     ##        ##  ##    ##  ##       ##     ## ##     ##       ## ##
     ##       #### ##     ## ######## ########  ##     ##  ######  ########

You're about to initialize a Firebase project in this directory:

  C:\Projects\Cogitait

Before we get started, keep in mind:

  * You are currently outside your home directory

[info] 
=== Project Setup
[info] 
[info] First, let's associate this project directory with a Firebase project.
[info] You can create multiple project aliases by running firebase use --add, 
[info] but for now we'll just set up a default project.
[info] 
[info] i  If you want to create a project in a Google Cloud organization or folder, please use "firebase projects:create" instead, and return to this command when you've created the project. 
[debug] [2024-08-16T04:24:04.676Z] >>> [apiv2][query] POST https://cloudresourcemanager.googleapis.com/v1/projects [none]
[debug] [2024-08-16T04:24:04.677Z] >>> [apiv2][body] POST https://cloudresourcemanager.googleapis.com/v1/projects {"projectId":"cogitait-firebase-id-01","name":"cogitait-firebase-website"}
[debug] [2024-08-16T04:24:06.632Z] <<< [apiv2][status] POST https://cloudresourcemanager.googleapis.com/v1/projects 200
[debug] [2024-08-16T04:24:06.632Z] <<< [apiv2][body] POST https://cloudresourcemanager.googleapis.com/v1/projects {"name":"operations/cp.6034682740854607802"}
[debug] [2024-08-16T04:24:06.633Z] >>> [apiv2][query] GET https://cloudresourcemanager.googleapis.com/v1/operations/cp.6034682740854607802 [none]
[debug] [2024-08-16T04:24:07.727Z] <<< [apiv2][status] GET https://cloudresourcemanager.googleapis.com/v1/operations/cp.6034682740854607802 200
[debug] [2024-08-16T04:24:07.727Z] <<< [apiv2][body] GET https://cloudresourcemanager.googleapis.com/v1/operations/cp.6034682740854607802 {"name":"operations/cp.6034682740854607802"}
[debug] [2024-08-16T04:24:08.236Z] [Project Creation Poller] Retrying task index 0
[debug] [2024-08-16T04:24:08.237Z] >>> [apiv2][query] GET https://cloudresourcemanager.googleapis.com/v1/operations/cp.6034682740854607802 [none]
[debug] [2024-08-16T04:24:08.944Z] <<< [apiv2][status] GET https://cloudresourcemanager.googleapis.com/v1/operations/cp.6034682740854607802 200
[debug] [2024-08-16T04:24:08.944Z] <<< [apiv2][body] GET https://cloudresourcemanager.googleapis.com/v1/operations/cp.6034682740854607802 {"name":"operations/cp.6034682740854607802"}
[debug] [2024-08-16T04:24:09.950Z] [Project Creation Poller] Retrying task index 0
[debug] [2024-08-16T04:24:09.950Z] >>> [apiv2][query] GET https://cloudresourcemanager.googleapis.com/v1/operations/cp.6034682740854607802 [none]
[debug] [2024-08-16T04:24:10.641Z] <<< [apiv2][status] GET https://cloudresourcemanager.googleapis.com/v1/operations/cp.6034682740854607802 200
[debug] [2024-08-16T04:24:10.641Z] <<< [apiv2][body] GET https://cloudresourcemanager.googleapis.com/v1/operations/cp.6034682740854607802 {"name":"operations/cp.6034682740854607802","metadata":{"@type":"type.googleapis.com/google.cloudresourcemanager.v1.ProjectCreationStatus","gettable":true,"ready":true},"done":true,"response":{"@type":"type.googleapis.com/google.cloudresourcemanager.v1.Project","projectNumber":"104926844028","projectId":"cogitait-firebase-id-01","lifecycleState":"ACTIVE","name":"cogitait-firebase-website","createTime":"2024-08-16T04:24:10.540054Z","parent":{"type":"organization","id":"525667385354"}}}
[debug] [2024-08-16T04:24:10.642Z] >>> [apiv2][query] POST https://firebase.googleapis.com/v1beta1/projects/cogitait-firebase-id-01:addFirebase [none]
[debug] [2024-08-16T04:24:12.601Z] <<< [apiv2][status] POST https://firebase.googleapis.com/v1beta1/projects/cogitait-firebase-id-01:addFirebase 403
[debug] [2024-08-16T04:24:12.602Z] <<< [apiv2][body] POST https://firebase.googleapis.com/v1beta1/projects/cogitait-firebase-id-01:addFirebase {"error":{"code":403,"message":"The caller does not have permission","status":"PERMISSION_DENIED"}}
[debug] [2024-08-16T04:24:12.602Z] HTTP Error: 403, The caller does not have permission
[debug] [2024-08-16T04:24:12.603Z] FirebaseError: HTTP Error: 403, The caller does not have permission
    at responseToError (C:\Projects\Cogitait\node_modules\firebase-tools\lib\responseToError.js:49:12)
    at RetryOperation._fn (C:\Projects\Cogitait\node_modules\firebase-tools\lib\apiv2.js:305:77)
    at process.processTicksAndRejections (node:internal/process/task_queues:95:5)
[error] 
[error] Error: Failed to add Firebase to Google Cloud Platform project. See firebase-debug.log for more info.
